# JRE version: OpenJDK Runtime Environment (8.0_202) (build 1.8.0_202-release-1483-b49-5587405)
# Java VM: OpenJDK 64-Bit Server VM (25.202-b49-5587405 mixed mode bsd-amd64 compressed oops)
Heap:
 PSYoungGen      total 133632K, used 19564K [0x00000007e5d80000, 0x00000007f0800000, 0x00000007f0800000)
  eden space 92672K, 0% used [0x00000007e5d80000,0x00000007e5d80000,0x00000007eb800000)
  from space 40960K, 47% used [0x00000007eb800000,0x00000007ecb1b020,0x00000007ee000000)
  to   space 40448K, 0% used [0x00000007ee080000,0x00000007ee080000,0x00000007f0800000)
 ParOldGen       total 314880K, used 301390K [0x00000007d0800000, 0x00000007e3b80000, 0x00000007e5d80000)
  object space 314880K, 95% used [0x00000007d0800000,0x00000007e2e53b48,0x00000007e3b80000)
 Metaspace       used 61494K, capacity 64706K, committed 66776K, reserved 1107968K
  class space    used 7807K, capacity 8391K, committed 8960K, reserved 1048576K
GC Heap History (10 events):
Event: 9875.835 GC heap after
Heap after GC invocations=111 (full 10):
 PSYoungGen      total 115200K, used 23808K [0x00000007e5d80000, 0x00000007f0480000, 0x00000007f0800000)
  eden space 91136K, 0% used [0x00000007e5d80000,0x00000007e5d80000,0x00000007eb680000)
  from space 24064K, 98% used [0x00000007eb680000,0x00000007ecdc0000,0x00000007ece00000)
  to   space 39936K, 0% used [0x00000007edd80000,0x00000007edd80000,0x00000007f0480000)
 ParOldGen       total 314880K, used 202116K [0x00000007d0800000, 0x00000007e3b80000, 0x00000007e5d80000)
  object space 314880K, 64% used [0x00000007d0800000,0x00000007dcd611b8,0x00000007e3b80000)
 Metaspace       used 61459K, capacity 64706K, committed 66776K, reserved 1107968K
  class space    used 7807K, capacity 8391K, committed 8960K, reserved 1048576K
}
Event: 9876.382 GC heap before
{Heap before GC invocations=112 (full 10):
 PSYoungGen      total 115200K, used 114944K [0x00000007e5d80000, 0x00000007f0480000, 0x00000007f0800000)
  eden space 91136K, 100% used [0x00000007e5d80000,0x00000007eb680000,0x00000007eb680000)
  from space 24064K, 98% used [0x00000007eb680000,0x00000007ecdc0000,0x00000007ece00000)
  to   space 39936K, 0% used [0x00000007edd80000,0x00000007edd80000,0x00000007f0480000)
 ParOldGen       total 314880K, used 202116K [0x00000007d0800000, 0x00000007e3b80000, 0x00000007e5d80000)
  object space 314880K, 64% used [0x00000007d0800000,0x00000007dcd611b8,0x00000007e3b80000)
 Metaspace       used 61460K, capacity 64706K, committed 66776K, reserved 1107968K
  class space    used 7807K, capacity 8391K, committed 8960K, reserved 1048576K
Event: 9876.513 GC heap after
Heap after GC invocations=112 (full 10):
 PSYoungGen      total 131584K, used 28000K [0x00000007e5d80000, 0x00000007f0800000, 0x00000007f0800000)
  eden space 91648K, 0% used [0x00000007e5d80000,0x00000007e5d80000,0x00000007eb700000)
  from space 39936K, 70% used [0x00000007edd80000,0x00000007ef8d8010,0x00000007f0480000)
  to   space 39424K, 0% used [0x00000007eb700000,0x00000007eb700000,0x00000007edd80000)
 ParOldGen       total 314880K, used 224315K [0x00000007d0800000, 0x00000007e3b80000, 0x00000007e5d80000)
  object space 314880K, 71% used [0x00000007d0800000,0x00000007de30ee58,0x00000007e3b80000)
 Metaspace       used 61460K, capacity 64706K, committed 66776K, reserved 1107968K
  class space    used 7807K, capacity 8391K, committed 8960K, reserved 1048576K
}
Event: 9918.208 GC heap before
{Heap before GC invocations=113 (full 10):
 PSYoungGen      total 131584K, used 119648K [0x00000007e5d80000, 0x00000007f0800000, 0x00000007f0800000)
  eden space 91648K, 100% used [0x00000007e5d80000,0x00000007eb700000,0x00000007eb700000)
  from space 39936K, 70% used [0x00000007edd80000,0x00000007ef8d8010,0x00000007f0480000)
  to   space 39424K, 0% used [0x00000007eb700000,0x00000007eb700000,0x00000007edd80000)
 ParOldGen       total 314880K, used 224315K [0x00000007d0800000, 0x00000007e3b80000, 0x00000007e5d80000)
  object space 314880K, 71% used [0x00000007d0800000,0x00000007de30ee58,0x00000007e3b80000)
 Metaspace       used 61477K, capacity 64706K, committed 66776K, reserved 1107968K
  class space    used 7807K, capacity 8391K, committed 8960K, reserved 1048576K
Event: 9918.356 GC heap after
Heap after GC invocations=113 (full 10):
 PSYoungGen      total 131072K, used 17280K [0x00000007e5d80000, 0x00000007f0780000, 0x00000007f0800000)
  eden space 91648K, 0% used [0x00000007e5d80000,0x00000007e5d80000,0x00000007eb700000)
  from space 39424K, 43% used [0x00000007eb700000,0x00000007ec7e0000,0x00000007edd80000)
  to   space 39424K, 0% used [0x00000007ee100000,0x00000007ee100000,0x00000007f0780000)
 ParOldGen       total 314880K, used 251919K [0x00000007d0800000, 0x00000007e3b80000, 0x00000007e5d80000)
  object space 314880K, 80% used [0x00000007d0800000,0x00000007dfe03e78,0x00000007e3b80000)
 Metaspace       used 61477K, capacity 64706K, committed 66776K, reserved 1107968K
  class space    used 7807K, capacity 8391K, committed 8960K, reserved 1048576K
}
Event: 9918.805 GC heap before
{Heap before GC invocations=114 (full 10):
 PSYoungGen      total 131072K, used 108928K [0x00000007e5d80000, 0x00000007f0780000, 0x00000007f0800000)
  eden space 91648K, 100% used [0x00000007e5d80000,0x00000007eb700000,0x00000007eb700000)
  from space 39424K, 43% used [0x00000007eb700000,0x00000007ec7e0000,0x00000007edd80000)
  to   space 39424K, 0% used [0x00000007ee100000,0x00000007ee100000,0x00000007f0780000)
 ParOldGen       total 314880K, used 251919K [0x00000007d0800000, 0x00000007e3b80000, 0x00000007e5d80000)
  object space 314880K, 80% used [0x00000007d0800000,0x00000007dfe03e78,0x00000007e3b80000)
 Metaspace       used 61478K, capacity 64706K, committed 66776K, reserved 1107968K
  class space    used 7807K, capacity 8391K, committed 8960K, reserved 1048576K
Event: 9918.959 GC heap after
Heap after GC invocations=114 (full 10):
 PSYoungGen      total 132096K, used 32736K [0x00000007e5d80000, 0x00000007f0800000, 0x00000007f0800000)
  eden space 92672K, 0% used [0x00000007e5d80000,0x00000007e5d80000,0x00000007eb800000)
  from space 39424K, 83% used [0x00000007ee100000,0x00000007f00f8000,0x00000007f0780000)
  to   space 40960K, 0% used [0x00000007eb800000,0x00000007eb800000,0x00000007ee000000)
 ParOldGen       total 314880K, used 268850K [0x00000007d0800000, 0x00000007e3b80000, 0x00000007e5d80000)
  object space 314880K, 85% used [0x00000007d0800000,0x00000007e0e8cb18,0x00000007e3b80000)
 Metaspace       used 61478K, capacity 64706K, committed 66776K, reserved 1107968K
  class space    used 7807K, capacity 8391K, committed 8960K, reserved 1048576K
}
Event: 9920.027 GC heap before
{Heap before GC invocations=115 (full 10):
 PSYoungGen      total 132096K, used 125408K [0x00000007e5d80000, 0x00000007f0800000, 0x00000007f0800000)
  eden space 92672K, 100% used [0x00000007e5d80000,0x00000007eb800000,0x00000007eb800000)
  from space 39424K, 83% used [0x00000007ee100000,0x00000007f00f8000,0x00000007f0780000)
  to   space 40960K, 0% used [0x00000007eb800000,0x00000007eb800000,0x00000007ee000000)
 ParOldGen       total 314880K, used 268850K [0x00000007d0800000, 0x00000007e3b80000, 0x00000007e5d80000)
  object space 314880K, 85% used [0x00000007d0800000,0x00000007e0e8cb18,0x00000007e3b80000)
 Metaspace       used 61494K, capacity 64706K, committed 66776K, reserved 1107968K
  class space    used 7807K, capacity 8391K, committed 8960K, reserved 1048576K
Event: 9920.125 GC heap after
Heap after GC invocations=115 (full 10):
 PSYoungGen      total 133632K, used 19564K [0x00000007e5d80000, 0x00000007f0800000, 0x00000007f0800000)
  eden space 92672K, 0% used [0x00000007e5d80000,0x00000007e5d80000,0x00000007eb800000)
  from space 40960K, 47% used [0x00000007eb800000,0x00000007ecb1b020,0x00000007ee000000)
  to   space 40448K, 0% used [0x00000007ee080000,0x00000007ee080000,0x00000007f0800000)
 ParOldGen       total 314880K, used 301390K [0x00000007d0800000, 0x00000007e3b80000, 0x00000007e5d80000)
  object space 314880K, 95% used [0x00000007d0800000,0x00000007e2e53b48,0x00000007e3b80000)
 Metaspace       used 61494K, capacity 64706K, committed 66776K, reserved 1107968K
  class space    used 7807K, capacity 8391K, committed 8960K, reserved 1048576K
}
Event: 9920.125 GC heap before
{Heap before GC invocations=116 (full 11):
 PSYoungGen      total 133632K, used 19564K [0x00000007e5d80000, 0x00000007f0800000, 0x00000007f0800000)
  eden space 92672K, 0% used [0x00000007e5d80000,0x00000007e5d80000,0x00000007eb800000)
  from space 40960K, 47% used [0x00000007eb800000,0x00000007ecb1b020,0x00000007ee000000)
  to   space 40448K, 0% used [0x00000007ee080000,0x00000007ee080000,0x00000007f0800000)
 ParOldGen       total 314880K, used 301390K [0x00000007d0800000, 0x00000007e3b80000, 0x00000007e5d80000)
  object space 314880K, 95% used [0x00000007d0800000,0x00000007e2e53b48,0x00000007e3b80000)
 Metaspace       used 61494K, capacity 64706K, committed 66776K, reserved 1107968K
  class space    used 7807K, capacity 8391K, committed 8960K, reserved 1048576K

